<?xml version="1.0" encoding="UTF-8"?>
<!-- Generated by org.testng.reporters.JUnitXMLReporter -->
<testsuite ignored="0" hostname="LagutamPC" failures="2" tests="7" name="Test" time="27.666" errors="0" timestamp="2025-05-04T18:16:29 IST">
  <testcase classname="testcases.TC001_AccountRegistrationTest" name="verify_account_registration" time="1.387"/>
  <testcase classname="testcases.TC002_LoginPageTest" name="verifyLogin" time="1.09"/>
  <testcase classname="testcases.TC003_LoginDDTest" name="performLoginDataDrivenTest" time="1.516"/>
  <testcase classname="testcases.TC003_LoginDDTest" name="performLoginDataDrivenTest" time="1.628">
    <failure type="java.lang.AssertionError" message="expected [true] but found [false]">
      <![CDATA[java.lang.AssertionError: expected [true] but found [false]
at testcases.TC003_LoginDDTest.performLoginDataDrivenTest(TC003_LoginDDTest.java:47)
at java.base/java.util.ArrayList.forEach(ArrayList.java:1596)
... Removed 33 stack frames]]>
    </failure>
  </testcase> <!-- performLoginDataDrivenTest -->
  <testcase classname="testcases.TC003_LoginDDTest" name="performLoginDataDrivenTest" time="2.161">
    <failure type="java.lang.AssertionError" message="expected [true] but found [false]">
      <![CDATA[java.lang.AssertionError: expected [true] but found [false]
at testcases.TC003_LoginDDTest.performLoginDataDrivenTest(TC003_LoginDDTest.java:47)
at java.base/java.util.ArrayList.forEach(ArrayList.java:1596)
... Removed 33 stack frames]]>
    </failure>
  </testcase> <!-- performLoginDataDrivenTest -->
  <testcase classname="testcases.TC003_LoginDDTest" name="performLoginDataDrivenTest" time="11.17"/>
  <testcase classname="testcases.TC003_LoginDDTest" name="performLoginDataDrivenTest" time="2.114"/>
</testsuite> <!-- Test -->
