<?xml version="1.0" encoding="UTF-8"?>
<!-- Generated by org.testng.reporters.JUnitXMLReporter -->
<testsuite ignored="0" hostname="LagutamPC" failures="2" tests="7" name="Test" time="26.151" errors="0" timestamp="2025-04-27T14:05:23 IST">
  <testcase classname="testcases.TC001_AccountRegistrationTest" name="verify_account_registration" time="1.299"/>
  <testcase classname="testcases.TC002_LoginPageTest" name="verifyLogin" time="3.355"/>
  <testcase classname="testcases.TC003_LoginDDTest" name="performLoginDataDrivenTest" time="1.356"/>
  <testcase classname="testcases.TC003_LoginDDTest" name="performLoginDataDrivenTest" time="1.404">
    <failure type="java.lang.AssertionError" message="expected [true] but found [false]">
      <![CDATA[java.lang.AssertionError: expected [true] but found [false]
at testcases.TC003_LoginDDTest.performLoginDataDrivenTest(TC003_LoginDDTest.java:47)
at java.base/java.util.ArrayList.forEach(ArrayList.java:1596)
... Removed 29 stack frames]]>
    </failure>
  </testcase> <!-- performLoginDataDrivenTest -->
  <testcase classname="testcases.TC003_LoginDDTest" name="performLoginDataDrivenTest" time="1.273">
    <failure type="java.lang.AssertionError" message="expected [true] but found [false]">
      <![CDATA[java.lang.AssertionError: expected [true] but found [false]
at testcases.TC003_LoginDDTest.performLoginDataDrivenTest(TC003_LoginDDTest.java:47)
at java.base/java.util.ArrayList.forEach(ArrayList.java:1596)
... Removed 29 stack frames]]>
    </failure>
  </testcase> <!-- performLoginDataDrivenTest -->
  <testcase classname="testcases.TC003_LoginDDTest" name="performLoginDataDrivenTest" time="10.35"/>
  <testcase classname="testcases.TC003_LoginDDTest" name="performLoginDataDrivenTest" time="1.349"/>
</testsuite> <!-- Test -->
