<?xml version="1.0" encoding="UTF-8"?>
<testng-results ignored="0" total="7" passed="5" failed="2" skipped="0">
  <reporter-output>
  </reporter-output>
  <suite started-at="2025-04-27T14:04:57 IST" name="Master_Suite" finished-at="2025-04-27T14:05:23 IST" duration-ms="26151">
    <groups>
      <group name="Master">
        <method signature="TC001_AccountRegistrationTest.verify_account_registration()[pri:0, instance:testcases.TC001_AccountRegistrationTest@6e4566f1]" name="verify_account_registration" class="testcases.TC001_AccountRegistrationTest"/>
        <method signature="TC002_LoginPageTest.verifyLogin()[pri:0, instance:testcases.TC002_LoginPageTest@2a62b5bc]" name="verifyLogin" class="testcases.TC002_LoginPageTest"/>
      </group> <!-- Master -->
      <group name="Sanity">
        <method signature="TC001_AccountRegistrationTest.verify_account_registration()[pri:0, instance:testcases.TC001_AccountRegistrationTest@6e4566f1]" name="verify_account_registration" class="testcases.TC001_AccountRegistrationTest"/>
      </group> <!-- Sanity -->
      <group name="DataDriven">
        <method signature="TC003_LoginDDTest.performLoginDataDrivenTest(java.lang.String,java.lang.String,java.lang.String)[pri:0, instance:testcases.TC003_LoginDDTest@53de625d]" name="performLoginDataDrivenTest" class="testcases.TC003_LoginDDTest"/>
      </group> <!-- DataDriven -->
      <group name="Regression">
        <method signature="TC002_LoginPageTest.verifyLogin()[pri:0, instance:testcases.TC002_LoginPageTest@2a62b5bc]" name="verifyLogin" class="testcases.TC002_LoginPageTest"/>
        <method signature="TC003_LoginDDTest.performLoginDataDrivenTest(java.lang.String,java.lang.String,java.lang.String)[pri:0, instance:testcases.TC003_LoginDDTest@53de625d]" name="performLoginDataDrivenTest" class="testcases.TC003_LoginDDTest"/>
      </group> <!-- Regression -->
    </groups>
    <test started-at="2025-04-27T14:04:57 IST" name="Test" finished-at="2025-04-27T14:05:23 IST" duration-ms="26151">
      <class name="testcases.TC003_LoginDDTest">
        <test-method is-config="true" signature="setup(java.lang.String,java.lang.String)[pri:0, instance:testcases.TC003_LoginDDTest@53de625d]" started-at="2025-04-27T14:05:05 IST" name="setup" finished-at="2025-04-27T14:05:06 IST" duration-ms="1360" status="PASS">
          <params>
            <param index="0">
              <value>
                <![CDATA[Windows]]>
              </value>
            </param>
            <param index="1">
              <value>
                <![CDATA[Chrome]]>
              </value>
            </param>
          </params>
          <reporter-output>
          </reporter-output>
        </test-method> <!-- setup -->
        <test-method signature="performLoginDataDrivenTest(java.lang.String,java.lang.String,java.lang.String)[pri:0, instance:testcases.TC003_LoginDDTest@53de625d]" started-at="2025-04-27T14:05:07 IST" name="performLoginDataDrivenTest" data-provider="LoginData" finished-at="2025-04-27T14:05:08 IST" duration-ms="1356" status="PASS">
          <params>
            <param index="0">
              <value>
                <![CDATA[lagutam48@gmail.com]]>
              </value>
            </param>
            <param index="1">
              <value>
                <![CDATA[testQual@123]]>
              </value>
            </param>
            <param index="2">
              <value>
                <![CDATA[Valid]]>
              </value>
            </param>
          </params>
          <reporter-output>
          </reporter-output>
        </test-method> <!-- performLoginDataDrivenTest -->
        <test-method signature="performLoginDataDrivenTest(java.lang.String,java.lang.String,java.lang.String)[pri:0, instance:testcases.TC003_LoginDDTest@53de625d]" started-at="2025-04-27T14:05:08 IST" name="performLoginDataDrivenTest" data-provider="LoginData" finished-at="2025-04-27T14:05:09 IST" duration-ms="1404" status="FAIL">
          <params>
            <param index="0">
              <value>
                <![CDATA[lakshmi@yahoo.com]]>
              </value>
            </param>
            <param index="1">
              <value>
                <![CDATA[Laxmi]]>
              </value>
            </param>
            <param index="2">
              <value>
                <![CDATA[Invalid]]>
              </value>
            </param>
          </params>
          <exception class="java.lang.AssertionError">
            <message>
              <![CDATA[expected [true] but found [false]]]>
            </message>
            <full-stacktrace>
              <![CDATA[java.lang.AssertionError: expected [true] but found [false]
at org.testng.Assert.fail(Assert.java:111)
at org.testng.Assert.failNotEquals(Assert.java:1590)
at org.testng.Assert.assertTrue(Assert.java:57)
at org.testng.Assert.assertTrue(Assert.java:67)
at testcases.TC003_LoginDDTest.performLoginDataDrivenTest(TC003_LoginDDTest.java:47)
at java.base/jdk.internal.reflect.DirectMethodHandleAccessor.invoke(DirectMethodHandleAccessor.java:103)
at java.base/java.lang.reflect.Method.invoke(Method.java:580)
at org.testng.internal.invokers.MethodInvocationHelper.invokeMethod(MethodInvocationHelper.java:141)
at org.testng.internal.invokers.TestInvoker.invokeMethod(TestInvoker.java:687)
at org.testng.internal.invokers.TestInvoker.invokeTestMethod(TestInvoker.java:230)
at org.testng.internal.invokers.MethodRunner.runInSequence(MethodRunner.java:63)
at org.testng.internal.invokers.TestInvoker$MethodInvocationAgent.invoke(TestInvoker.java:995)
at org.testng.internal.invokers.TestInvoker.invokeTestMethods(TestInvoker.java:203)
at org.testng.internal.invokers.TestMethodWorker.invokeTestMethods(TestMethodWorker.java:154)
at org.testng.internal.invokers.TestMethodWorker.run(TestMethodWorker.java:134)
at java.base/java.util.ArrayList.forEach(ArrayList.java:1596)
at org.testng.TestRunner.privateRun(TestRunner.java:741)
at org.testng.TestRunner.run(TestRunner.java:616)
at org.testng.SuiteRunner.runTest(SuiteRunner.java:421)
at org.testng.SuiteRunner.runSequentially(SuiteRunner.java:413)
at org.testng.SuiteRunner.privateRun(SuiteRunner.java:373)
at org.testng.SuiteRunner.run(SuiteRunner.java:312)
at org.testng.SuiteRunnerWorker.runSuite(SuiteRunnerWorker.java:52)
at org.testng.SuiteRunnerWorker.run(SuiteRunnerWorker.java:95)
at org.testng.TestNG.runSuitesSequentially(TestNG.java:1274)
at org.testng.TestNG.runSuitesLocally(TestNG.java:1208)
at org.testng.TestNG.runSuites(TestNG.java:1112)
at org.testng.TestNG.run(TestNG.java:1079)
at org.testng.remote.AbstractRemoteTestNG.run(AbstractRemoteTestNG.java:115)
at org.testng.remote.RemoteTestNG.initAndRun(RemoteTestNG.java:293)
at org.testng.remote.RemoteTestNG.main(RemoteTestNG.java:91)
]]>
            </full-stacktrace>
          </exception> <!-- java.lang.AssertionError -->
          <reporter-output>
          </reporter-output>
        </test-method> <!-- performLoginDataDrivenTest -->
        <test-method signature="performLoginDataDrivenTest(java.lang.String,java.lang.String,java.lang.String)[pri:0, instance:testcases.TC003_LoginDDTest@53de625d]" started-at="2025-04-27T14:05:10 IST" name="performLoginDataDrivenTest" data-provider="LoginData" finished-at="2025-04-27T14:05:11 IST" duration-ms="1273" status="FAIL">
          <params>
            <param index="0">
              <value>
                <![CDATA[laksh@yahoo.com]]>
              </value>
            </param>
            <param index="1">
              <value>
                <![CDATA[Lakshmi]]>
              </value>
            </param>
            <param index="2">
              <value>
                <![CDATA[Invalid]]>
              </value>
            </param>
          </params>
          <exception class="java.lang.AssertionError">
            <message>
              <![CDATA[expected [true] but found [false]]]>
            </message>
            <full-stacktrace>
              <![CDATA[java.lang.AssertionError: expected [true] but found [false]
at org.testng.Assert.fail(Assert.java:111)
at org.testng.Assert.failNotEquals(Assert.java:1590)
at org.testng.Assert.assertTrue(Assert.java:57)
at org.testng.Assert.assertTrue(Assert.java:67)
at testcases.TC003_LoginDDTest.performLoginDataDrivenTest(TC003_LoginDDTest.java:47)
at java.base/jdk.internal.reflect.DirectMethodHandleAccessor.invoke(DirectMethodHandleAccessor.java:103)
at java.base/java.lang.reflect.Method.invoke(Method.java:580)
at org.testng.internal.invokers.MethodInvocationHelper.invokeMethod(MethodInvocationHelper.java:141)
at org.testng.internal.invokers.TestInvoker.invokeMethod(TestInvoker.java:687)
at org.testng.internal.invokers.TestInvoker.invokeTestMethod(TestInvoker.java:230)
at org.testng.internal.invokers.MethodRunner.runInSequence(MethodRunner.java:63)
at org.testng.internal.invokers.TestInvoker$MethodInvocationAgent.invoke(TestInvoker.java:995)
at org.testng.internal.invokers.TestInvoker.invokeTestMethods(TestInvoker.java:203)
at org.testng.internal.invokers.TestMethodWorker.invokeTestMethods(TestMethodWorker.java:154)
at org.testng.internal.invokers.TestMethodWorker.run(TestMethodWorker.java:134)
at java.base/java.util.ArrayList.forEach(ArrayList.java:1596)
at org.testng.TestRunner.privateRun(TestRunner.java:741)
at org.testng.TestRunner.run(TestRunner.java:616)
at org.testng.SuiteRunner.runTest(SuiteRunner.java:421)
at org.testng.SuiteRunner.runSequentially(SuiteRunner.java:413)
at org.testng.SuiteRunner.privateRun(SuiteRunner.java:373)
at org.testng.SuiteRunner.run(SuiteRunner.java:312)
at org.testng.SuiteRunnerWorker.runSuite(SuiteRunnerWorker.java:52)
at org.testng.SuiteRunnerWorker.run(SuiteRunnerWorker.java:95)
at org.testng.TestNG.runSuitesSequentially(TestNG.java:1274)
at org.testng.TestNG.runSuitesLocally(TestNG.java:1208)
at org.testng.TestNG.runSuites(TestNG.java:1112)
at org.testng.TestNG.run(TestNG.java:1079)
at org.testng.remote.AbstractRemoteTestNG.run(AbstractRemoteTestNG.java:115)
at org.testng.remote.RemoteTestNG.initAndRun(RemoteTestNG.java:293)
at org.testng.remote.RemoteTestNG.main(RemoteTestNG.java:91)
]]>
            </full-stacktrace>
          </exception> <!-- java.lang.AssertionError -->
          <reporter-output>
          </reporter-output>
        </test-method> <!-- performLoginDataDrivenTest -->
        <test-method signature="performLoginDataDrivenTest(java.lang.String,java.lang.String,java.lang.String)[pri:0, instance:testcases.TC003_LoginDDTest@53de625d]" started-at="2025-04-27T14:05:11 IST" name="performLoginDataDrivenTest" data-provider="LoginData" finished-at="2025-04-27T14:05:21 IST" duration-ms="10350" status="PASS">
          <params>
            <param index="0">
              <value>
                <![CDATA[laks@yahoo.com]]>
              </value>
            </param>
            <param index="1">
              <value>
                <![CDATA[xyz]]>
              </value>
            </param>
            <param index="2">
              <value>
                <![CDATA[Invalid]]>
              </value>
            </param>
          </params>
          <reporter-output>
          </reporter-output>
        </test-method> <!-- performLoginDataDrivenTest -->
        <test-method signature="performLoginDataDrivenTest(java.lang.String,java.lang.String,java.lang.String)[pri:0, instance:testcases.TC003_LoginDDTest@53de625d]" started-at="2025-04-27T14:05:21 IST" name="performLoginDataDrivenTest" data-provider="LoginData" finished-at="2025-04-27T14:05:23 IST" duration-ms="1349" status="PASS">
          <params>
            <param index="0">
              <value>
                <![CDATA[abc123@gmail.com]]>
              </value>
            </param>
            <param index="1">
              <value>
                <![CDATA[test@123]]>
              </value>
            </param>
            <param index="2">
              <value>
                <![CDATA[Valid]]>
              </value>
            </param>
          </params>
          <reporter-output>
          </reporter-output>
        </test-method> <!-- performLoginDataDrivenTest -->
        <test-method is-config="true" signature="tearDown()[pri:0, instance:testcases.TC003_LoginDDTest@53de625d]" started-at="2025-04-27T14:05:23 IST" name="tearDown" finished-at="2025-04-27T14:05:23 IST" duration-ms="57" status="PASS">
          <reporter-output>
          </reporter-output>
        </test-method> <!-- tearDown -->
      </class> <!-- testcases.TC003_LoginDDTest -->
      <class name="testcases.TC001_AccountRegistrationTest">
        <test-method is-config="true" signature="setup(java.lang.String,java.lang.String)[pri:0, instance:testcases.TC001_AccountRegistrationTest@6e4566f1]" started-at="2025-04-27T14:04:57 IST" name="setup" finished-at="2025-04-27T14:04:58 IST" duration-ms="1668" status="PASS">
          <params>
            <param index="0">
              <value>
                <![CDATA[Windows]]>
              </value>
            </param>
            <param index="1">
              <value>
                <![CDATA[Chrome]]>
              </value>
            </param>
          </params>
          <reporter-output>
          </reporter-output>
        </test-method> <!-- setup -->
        <test-method signature="verify_account_registration()[pri:0, instance:testcases.TC001_AccountRegistrationTest@6e4566f1]" started-at="2025-04-27T14:04:58 IST" name="verify_account_registration" finished-at="2025-04-27T14:05:00 IST" duration-ms="1299" status="PASS">
          <reporter-output>
          </reporter-output>
        </test-method> <!-- verify_account_registration -->
        <test-method is-config="true" signature="tearDown()[pri:0, instance:testcases.TC001_AccountRegistrationTest@6e4566f1]" started-at="2025-04-27T14:05:00 IST" name="tearDown" finished-at="2025-04-27T14:05:00 IST" duration-ms="160" status="PASS">
          <reporter-output>
          </reporter-output>
        </test-method> <!-- tearDown -->
      </class> <!-- testcases.TC001_AccountRegistrationTest -->
      <class name="testcases.TC002_LoginPageTest">
        <test-method is-config="true" signature="setup(java.lang.String,java.lang.String)[pri:0, instance:testcases.TC002_LoginPageTest@2a62b5bc]" started-at="2025-04-27T14:05:00 IST" name="setup" finished-at="2025-04-27T14:05:01 IST" duration-ms="1369" status="PASS">
          <params>
            <param index="0">
              <value>
                <![CDATA[Windows]]>
              </value>
            </param>
            <param index="1">
              <value>
                <![CDATA[Chrome]]>
              </value>
            </param>
          </params>
          <reporter-output>
          </reporter-output>
        </test-method> <!-- setup -->
        <test-method signature="verifyLogin()[pri:0, instance:testcases.TC002_LoginPageTest@2a62b5bc]" started-at="2025-04-27T14:05:01 IST" name="verifyLogin" finished-at="2025-04-27T14:05:05 IST" duration-ms="3355" status="PASS">
          <reporter-output>
          </reporter-output>
        </test-method> <!-- verifyLogin -->
        <test-method is-config="true" signature="tearDown()[pri:0, instance:testcases.TC002_LoginPageTest@2a62b5bc]" started-at="2025-04-27T14:05:05 IST" name="tearDown" finished-at="2025-04-27T14:05:05 IST" duration-ms="108" status="PASS">
          <reporter-output>
          </reporter-output>
        </test-method> <!-- tearDown -->
      </class> <!-- testcases.TC002_LoginPageTest -->
    </test> <!-- Test -->
  </suite> <!-- Master_Suite -->
</testng-results>
